{
  "RSpec": {
    "coverage": {
      "/Users/student/Projects/bank-tech-test/spec/account_spec.rb": [
        1,
        null,
        1,
        1,
        1,
        1,
        null,
        null,
        null,
        1,
        1,
        1,
        null,
        null,
        null
      ],
      "/Users/student/Projects/bank-tech-test/lib/account.rb": [
        1,
        null,
        1,
        null,
        1,
        3,
        null,
        null,
        1,
        2,
        null,
        null
      ],
      "/Users/student/Projects/bank-tech-test/spec/features/new_account_spec.rb": [
        1,
        null,
        1,
        1,
        1,
        1,
        1,
        1,
        null,
        null
      ]
    },
    "timestamp": 1564407296
  }
}
