{
  "RSpec": {
    "coverage": {
      "/Users/student/Projects/bank-tech-test/spec/account_spec.rb": [
        1,
        null,
        1,
        null,
        1,
        1,
        1,
        1,
        null,
        null,
        null,
        1,
        1,
        1,
        null,
        null,
        null,
        1,
        1,
        1,
        1,
        1,
        null,
        null,
        null,
        1,
        1,
        1,
        1,
        1,
        1,
        1,
        null,
        null,
        null,
        1,
        1,
        1,
        1,
        1,
        1,
        1,
        1,
        1,
        null,
        null,
        null,
        1,
        1,
        1,
        1,
        null,
        null,
        null,
        1,
        1,
        1,
        1,
        1,
        null,
        null,
        null
      ],
      "/Users/student/Projects/bank-tech-test/lib/account.rb": [
        1,
        null,
        1,
        null,
        1,
        8,
        null,
        null,
        1,
        5,
        5,
        6,
        null,
        5,
        5,
        6,
        6,
        6,
        null,
        11,
        5,
        6,
        null,
        6,
        null,
        6,
        null,
        null,
        null,
        5,
        null,
        null,
        1,
        7,
        7,
        null,
        null,
        1,
        2,
        2,
        null,
        null
      ],
      "/Users/student/Projects/bank-tech-test/spec/features/deposit_withdrawal_spec.rb": [
        1,
        null,
        1,
        1,
        0,
        0,
        0,
        null,
        null,
        0,
        0,
        null,
        null,
        0,
        0,
        null,
        null,
        null,
        null
      ],
      "/Users/student/Projects/bank-tech-test/spec/features/new_account_spec.rb": [
        1,
        null,
        1,
        1,
        1,
        1,
        1,
        null,
        null
      ]
    },
    "timestamp": 1564479252
  }
}
